<?xml version="1.0" encoding="UTF-8"?>
<!-- Generated by org.testng.reporters.JUnitReportReporter -->
<testsuite hostname="DESKTOP-5NM3FLE" failures="0" tests="12" name="TestNGDAO.TestDonHangChiTietDAO" time="0.231" errors="0" timestamp="2024-04-09T19:43:40 ICT" skipped="0">
  <testcase classname="TestNGDAO.TestDonHangChiTietDAO" name="testSelectAll" time="0.021"/>
  <testcase classname="TestNGDAO.TestDonHangChiTietDAO" name="testInsertWithEmptyModel" time="0.018"/>
  <testcase classname="TestNGDAO.TestDonHangChiTietDAO" name="testUpdateWithNullModel" time="0.017"/>
  <testcase classname="TestNGDAO.TestDonHangChiTietDAO" name="testDeleteWithNullModel" time="0.019"/>
  <testcase classname="TestNGDAO.TestDonHangChiTietDAO" name="testDeleteWithEmptyModel" time="0.017"/>
  <testcase classname="TestNGDAO.TestDonHangChiTietDAO" name="testUpdateWithEmptyModel" time="0.001"/>
  <testcase classname="TestNGDAO.TestDonHangChiTietDAO" name="testInsertWithValidModel" time="0.046"/>
  <testcase classname="TestNGDAO.TestDonHangChiTietDAO" name="testSelectById" time="0.019"/>
  <testcase classname="TestNGDAO.TestDonHangChiTietDAO" name="testSelectByIdDH" time="0.016"/>
  <testcase classname="TestNGDAO.TestDonHangChiTietDAO" name="testUpdateWithValidModel" time="0.020"/>
  <testcase classname="TestNGDAO.TestDonHangChiTietDAO" name="testInsertWithNullModel" time="0.019"/>
  <testcase classname="TestNGDAO.TestDonHangChiTietDAO" name="testDeleteWithValidModel" time="0.018"/>
</testsuite> <!-- TestNGDAO.TestDonHangChiTietDAO -->
