<?xml version="1.0" encoding="UTF-8"?>
<!-- Generated by org.testng.reporters.JUnitReportReporter -->
<testsuite hostname="DESKTOP-5NM3FLE" failures="0" tests="13" name="TestNGDAO.TestSanPhamDAO" time="0.348" errors="0" timestamp="2024-04-09T19:43:40 ICT" skipped="0">
  <testcase classname="TestNGDAO.TestSanPhamDAO" name="testSelectById" time="0.020"/>
  <testcase classname="TestNGDAO.TestSanPhamDAO" name="testInsertWithNullModel" time="0.040"/>
  <testcase classname="TestNGDAO.TestSanPhamDAO" name="testUpdateWithValidModel" time="0.038"/>
  <testcase classname="TestNGDAO.TestSanPhamDAO" name="testSelectAll" time="0.018"/>
  <testcase classname="TestNGDAO.TestSanPhamDAO" name="testDeleteWithNullModel" time="0.020"/>
  <testcase classname="TestNGDAO.TestSanPhamDAO" name="testInsertWithEmptyModel" time="0.051"/>
  <testcase classname="TestNGDAO.TestSanPhamDAO" name="testInsertWithValidModel" time="0.020"/>
  <testcase classname="TestNGDAO.TestSanPhamDAO" name="testUpdateWithNullModel" time="0.019"/>
  <testcase classname="TestNGDAO.TestSanPhamDAO" name="testDeleteWithValidModel" time="0.019"/>
  <testcase classname="TestNGDAO.TestSanPhamDAO" name="testTimKiemByMaSPOrTenSP" time="0.019"/>
  <testcase classname="TestNGDAO.TestSanPhamDAO" name="testSelectByTenSP" time="0.019"/>
  <testcase classname="TestNGDAO.TestSanPhamDAO" name="testUpdateWithEmptyModel" time="0.041"/>
  <testcase classname="TestNGDAO.TestSanPhamDAO" name="testDeleteWithEmptyModel" time="0.024"/>
</testsuite> <!-- TestNGDAO.TestSanPhamDAO -->
