<?xml version="1.0" encoding="UTF-8"?>
<!-- Generated by org.testng.reporters.JUnitReportReporter -->
<testsuite hostname="DESKTOP-5NM3FLE" failures="0" tests="14" name="TestNGDAO.TestKhachHangDAO" time="0.269" errors="0" timestamp="2024-04-09T19:43:40 ICT" skipped="0">
  <testcase classname="TestNGDAO.TestKhachHangDAO" name="testSelectBySDT" time="0.018"/>
  <testcase classname="TestNGDAO.TestKhachHangDAO" name="testInsertWithEmptyModel" time="0.003"/>
  <testcase classname="TestNGDAO.TestKhachHangDAO" name="testDeleteWithEmptyModel" time="0.023"/>
  <testcase classname="TestNGDAO.TestKhachHangDAO" name="testUpdateWithValidModel" time="0.020"/>
  <testcase classname="TestNGDAO.TestKhachHangDAO" name="testInsertWithValidModel" time="0.040"/>
  <testcase classname="TestNGDAO.TestKhachHangDAO" name="testUpdateWithEmptyModel" time="0.001"/>
  <testcase classname="TestNGDAO.TestKhachHangDAO" name="testTimKiemByMaKHOrHoTen" time="0.020"/>
  <testcase classname="TestNGDAO.TestKhachHangDAO" name="testDeleteWithNullModel" time="0.023"/>
  <testcase classname="TestNGDAO.TestKhachHangDAO" name="testInsertWithNullModel" time="0.019"/>
  <testcase classname="TestNGDAO.TestKhachHangDAO" name="testUpdateWithNullModel" time="0.019"/>
  <testcase classname="TestNGDAO.TestKhachHangDAO" name="testDeleteWithValidModel" time="0.023"/>
  <testcase classname="TestNGDAO.TestKhachHangDAO" name="testSelectById" time="0.020"/>
  <testcase classname="TestNGDAO.TestKhachHangDAO" name="testSelectByEmail" time="0.020"/>
  <testcase classname="TestNGDAO.TestKhachHangDAO" name="testSelectAll" time="0.020"/>
</testsuite> <!-- TestNGDAO.TestKhachHangDAO -->
