<?xml version="1.0" encoding="UTF-8"?>
<!-- Generated by org.testng.reporters.JUnitReportReporter -->
<testsuite hostname="DESKTOP-5NM3FLE" failures="0" tests="17" name="TestNGDAO.TestDonHangDAO" time="0.359" errors="1" timestamp="2024-04-09T19:43:40 ICT" skipped="0">
  <testcase classname="TestNGDAO.TestDonHangDAO" name="testInsertWithValidModel" time="0.039"/>
  <testcase classname="TestNGDAO.TestDonHangDAO" name="testSelectBySql" time="0.019"/>
  <testcase classname="TestNGDAO.TestDonHangDAO" name="testSelectAll" time="0.018"/>
  <testcase classname="TestNGDAO.TestDonHangDAO" name="testInsertWithEmptyModel" time="0.004"/>
  <testcase classname="TestNGDAO.TestDonHangDAO" name="testSelectNhanVienByMaDH" time="0.020"/>
  <testcase classname="TestNGDAO.TestDonHangDAO" name="testUpdateWithEmptyModel" time="0.002"/>
  <testcase classname="TestNGDAO.TestDonHangDAO" name="testDeleteWithNullModel" time="0.018"/>
  <testcase classname="TestNGDAO.TestDonHangDAO" name="testSelectNhanVienByMaNV" time="0.022">
    <error message="com.microsoft.sqlserver.jdbc.SQLServerException: The column name MaDH is not valid." type="java.lang.RuntimeException">
      <![CDATA[java.lang.RuntimeException: com.microsoft.sqlserver.jdbc.SQLServerException: The column name MaDH is not valid.
at ShopQuanLyAoQuan.dao.DonHangDAO.selectBySql(DonHangDAO.java:78)
at ShopQuanLyAoQuan.dao.DonHangDAO.selectNhanVienByMaNV(DonHangDAO.java:83)
at TestNGDAO.TestDonHangDAO.testSelectNhanVienByMaNV(TestDonHangDAO.java:208)
at java.base/jdk.internal.reflect.DirectMethodHandleAccessor.invoke(DirectMethodHandleAccessor.java:103)
at java.base/java.lang.reflect.Method.invoke(Method.java:580)
at org.testng.internal.invokers.MethodInvocationHelper.invokeMethod(MethodInvocationHelper.java:139)
at org.testng.internal.invokers.TestInvoker.invokeMethod(TestInvoker.java:664)
at org.testng.internal.invokers.TestInvoker.invokeTestMethod(TestInvoker.java:228)
at org.testng.internal.invokers.MethodRunner.runInSequence(MethodRunner.java:63)
at org.testng.internal.invokers.TestInvoker$MethodInvocationAgent.invoke(TestInvoker.java:961)
at org.testng.internal.invokers.TestInvoker.invokeTestMethods(TestInvoker.java:201)
at org.testng.internal.invokers.TestMethodWorker.invokeTestMethods(TestMethodWorker.java:148)
at org.testng.internal.invokers.TestMethodWorker.run(TestMethodWorker.java:128)
at java.base/java.util.ArrayList.forEach(ArrayList.java:1596)
at org.testng.TestRunner.privateRun(TestRunner.java:819)
at org.testng.TestRunner.run(TestRunner.java:619)
at org.testng.SuiteRunner.runTest(SuiteRunner.java:443)
at org.testng.SuiteRunner.runSequentially(SuiteRunner.java:437)
at org.testng.SuiteRunner.privateRun(SuiteRunner.java:397)
at org.testng.SuiteRunner.run(SuiteRunner.java:336)
at org.testng.SuiteRunnerWorker.runSuite(SuiteRunnerWorker.java:52)
at org.testng.SuiteRunnerWorker.run(SuiteRunnerWorker.java:95)
at org.testng.TestNG.runSuitesSequentially(TestNG.java:1301)
at org.testng.TestNG.runSuitesLocally(TestNG.java:1228)
at org.testng.TestNG.runSuites(TestNG.java:1134)
at org.testng.TestNG.run(TestNG.java:1101)
at org.testng.remote.AbstractRemoteTestNG.run(AbstractRemoteTestNG.java:115)
at org.testng.remote.RemoteTestNG.initAndRun(RemoteTestNG.java:251)
at org.testng.remote.RemoteTestNG.main(RemoteTestNG.java:77)
Caused by: com.microsoft.sqlserver.jdbc.SQLServerException: The column name MaDH is not valid.
at com.microsoft.sqlserver.jdbc.SQLServerException.makeFromDriverError(SQLServerException.java:233)
at com.microsoft.sqlserver.jdbc.SQLServerResultSet.findColumn(SQLServerResultSet.java:748)
at com.microsoft.sqlserver.jdbc.SQLServerResultSet.getString(SQLServerResultSet.java:2582)
at ShopQuanLyAoQuan.dao.DonHangDAO.selectBySql(DonHangDAO.java:69)
... 28 more
]]>
    </error>
  </testcase> <!-- testSelectNhanVienByMaNV -->
  <testcase classname="TestNGDAO.TestDonHangDAO" name="testDeleteWithEmptyModel" time="0.021"/>
  <testcase classname="TestNGDAO.TestDonHangDAO" name="testSelectYear" time="0.021"/>
  <testcase classname="TestNGDAO.TestDonHangDAO" name="testSelectMonth" time="0.018"/>
  <testcase classname="TestNGDAO.TestDonHangDAO" name="testUpdateWithNullModel" time="0.022"/>
  <testcase classname="TestNGDAO.TestDonHangDAO" name="testUpdateWithValidModel" time="0.047"/>
  <testcase classname="TestNGDAO.TestDonHangDAO" name="testSelectById" time="0.019"/>
  <testcase classname="TestNGDAO.TestDonHangDAO" name="testInsertWithNullModel" time="0.026"/>
  <testcase classname="TestNGDAO.TestDonHangDAO" name="testDeleteWithValidModel" time="0.024"/>
  <testcase classname="TestNGDAO.TestDonHangDAO" name="testSelectDay" time="0.019"/>
</testsuite> <!-- TestNGDAO.TestDonHangDAO -->
