<?xml version="1.0" encoding="UTF-8"?>
<!-- Generated by org.testng.reporters.JUnitReportReporter -->
<testsuite hostname="DESKTOP-5NM3FLE" failures="0" tests="13" name="ShopQuanLyAoQuan.entity.test.DonHangTest" time="0.026" errors="0" timestamp="2024-04-09T19:43:40 ICT" skipped="0">
  <testcase classname="ShopQuanLyAoQuan.entity.test.DonHangTest" name="getMaKHTest" time="0.001"/>
  <testcase classname="ShopQuanLyAoQuan.entity.test.DonHangTest" name="getNgayLapTest" time="0.001"/>
  <testcase classname="ShopQuanLyAoQuan.entity.test.DonHangTest" name="setTongTienTest" time="0.002"/>
  <testcase classname="ShopQuanLyAoQuan.entity.test.DonHangTest" name="getMaNVTest" time="0.002"/>
  <testcase classname="ShopQuanLyAoQuan.entity.test.DonHangTest" name="getGhiChuTest" time="0.014"/>
  <testcase classname="ShopQuanLyAoQuan.entity.test.DonHangTest" name="setGhiChuTest" time="0.001"/>
  <testcase classname="ShopQuanLyAoQuan.entity.test.DonHangTest" name="setMaNVTest" time="0.000"/>
  <testcase classname="ShopQuanLyAoQuan.entity.test.DonHangTest" name="setNgayLapTest" time="0.002"/>
  <testcase classname="ShopQuanLyAoQuan.entity.test.DonHangTest" name="getMaDHTest" time="0.001"/>
  <testcase classname="ShopQuanLyAoQuan.entity.test.DonHangTest" name="setNgayLap_withInvalidDate" time="0.000"/>
  <testcase classname="ShopQuanLyAoQuan.entity.test.DonHangTest" name="setMaKHTest" time="0.000"/>
  <testcase classname="ShopQuanLyAoQuan.entity.test.DonHangTest" name="getTongTienTest" time="0.001"/>
  <testcase classname="ShopQuanLyAoQuan.entity.test.DonHangTest" name="setMaDHTest" time="0.001"/>
</testsuite> <!-- ShopQuanLyAoQuan.entity.test.DonHangTest -->
