<?xml version="1.0" encoding="UTF-8"?>
<!-- Generated by org.testng.reporters.JUnitReportReporter -->
<testsuite hostname="DESKTOP-5NM3FLE" failures="0" tests="15" name="TestNGDAO.TestNhanVienDAO" time="0.276" errors="0" timestamp="2024-04-09T19:43:40 ICT" skipped="0">
  <testcase classname="TestNGDAO.TestNhanVienDAO" name="testInsertWithValidModel" time="0.019"/>
  <testcase classname="TestNGDAO.TestNhanVienDAO" name="testSelectByEmail" time="0.015"/>
  <testcase classname="TestNGDAO.TestNhanVienDAO" name="testTimkiemByMaNVOrTenNV" time="0.017"/>
  <testcase classname="TestNGDAO.TestNhanVienDAO" name="testDeleteWithEmptyModel" time="0.019"/>
  <testcase classname="TestNGDAO.TestNhanVienDAO" name="testUpdateWithNullModel" time="0.017"/>
  <testcase classname="TestNGDAO.TestNhanVienDAO" name="testUpdateWithEmptyModel" time="0.002"/>
  <testcase classname="TestNGDAO.TestNhanVienDAO" name="testUpdateWithValidModel" time="0.039"/>
  <testcase classname="TestNGDAO.TestNhanVienDAO" name="testSelectById" time="0.020"/>
  <testcase classname="TestNGDAO.TestNhanVienDAO" name="testSelectAll" time="0.021"/>
  <testcase classname="TestNGDAO.TestNhanVienDAO" name="testMaNVExists" time="0.018"/>
  <testcase classname="TestNGDAO.TestNhanVienDAO" name="testDeleteWithNullModel" time="0.019"/>
  <testcase classname="TestNGDAO.TestNhanVienDAO" name="testInsertWithNullModel" time="0.018"/>
  <testcase classname="TestNGDAO.TestNhanVienDAO" name="testSelectBySDT" time="0.018"/>
  <testcase classname="TestNGDAO.TestNhanVienDAO" name="testDeleteWithValidModel" time="0.033"/>
  <testcase classname="TestNGDAO.TestNhanVienDAO" name="testInsertWithEmptyModel" time="0.001"/>
</testsuite> <!-- TestNGDAO.TestNhanVienDAO -->
