<?xml version="1.0" encoding="UTF-8"?>
<!-- Generated by org.testng.reporters.JUnitReportReporter -->
<testsuite hostname="DESKTOP-5NM3FLE" failures="0" tests="13" name="TestNGDAO.TestPhanLoaiSanPhamDAO" time="0.796" errors="0" timestamp="2024-04-09T19:43:40 ICT" skipped="0">
  <testcase classname="TestNGDAO.TestPhanLoaiSanPhamDAO" name="testSelectAll" time="0.024"/>
  <testcase classname="TestNGDAO.TestPhanLoaiSanPhamDAO" name="testInsertWithValidModel" time="0.083"/>
  <testcase classname="TestNGDAO.TestPhanLoaiSanPhamDAO" name="testTenLoaiExists" time="0.021"/>
  <testcase classname="TestNGDAO.TestPhanLoaiSanPhamDAO" name="testMaLoaiExists" time="0.031"/>
  <testcase classname="TestNGDAO.TestPhanLoaiSanPhamDAO" name="testSelectById" time="0.021"/>
  <testcase classname="TestNGDAO.TestPhanLoaiSanPhamDAO" name="testUpdateWithValidModel" time="0.045"/>
  <testcase classname="TestNGDAO.TestPhanLoaiSanPhamDAO" name="testUpdateWithNullModel" time="0.023"/>
  <testcase classname="TestNGDAO.TestPhanLoaiSanPhamDAO" name="testDeleteWithEmptyModel" time="0.454"/>
  <testcase classname="TestNGDAO.TestPhanLoaiSanPhamDAO" name="testUpdateWithEmptyModel" time="0.003"/>
  <testcase classname="TestNGDAO.TestPhanLoaiSanPhamDAO" name="testDeleteWithNullModel" time="0.028"/>
  <testcase classname="TestNGDAO.TestPhanLoaiSanPhamDAO" name="testInsertWithEmptyModel" time="0.003"/>
  <testcase classname="TestNGDAO.TestPhanLoaiSanPhamDAO" name="testDeleteWithValidModel" time="0.037"/>
  <testcase classname="TestNGDAO.TestPhanLoaiSanPhamDAO" name="testInsertWithNullModel" time="0.023"/>
</testsuite> <!-- TestNGDAO.TestPhanLoaiSanPhamDAO -->
